0 info it worked if it ends with ok
1 verbose cli [ '/home/tmiranda/.nvm/versions/node/v0.12.0/bin/node',
1 verbose cli   '/home/tmiranda/.nvm/versions/node/v0.12.0/bin/npm',
1 verbose cli   'publish' ]
2 info using npm@2.5.1
3 info using node@v0.12.0
4 verbose publish [ '.' ]
5 silly cache add args [ '.', null ]
6 verbose cache add spec .
7 silly cache add parsed spec { raw: '.',
7 silly cache add   scope: null,
7 silly cache add   name: null,
7 silly cache add   rawSpec: '.',
7 silly cache add   spec: '/home/tmiranda/opt/lunus-http/node_modules/actor-emitter',
7 silly cache add   type: 'directory' }
8 verbose addLocalDirectory /home/tmiranda/.npm/actor-emitter/0.1.0/package.tgz not in flight; packing
9 verbose tar pack [ '/home/tmiranda/.npm/actor-emitter/0.1.0/package.tgz',
9 verbose tar pack   '/home/tmiranda/opt/lunus-http/node_modules/actor-emitter' ]
10 verbose tarball /home/tmiranda/.npm/actor-emitter/0.1.0/package.tgz
11 verbose folder /home/tmiranda/opt/lunus-http/node_modules/actor-emitter
12 info prepublish actor-emitter@0.1.0
13 verbose addLocalTarball adding from inside cache /home/tmiranda/.npm/actor-emitter/0.1.0/package.tgz
14 silly cache afterAdd actor-emitter@0.1.0
15 verbose afterAdd /home/tmiranda/.npm/actor-emitter/0.1.0/package/package.json not in flight; writing
16 verbose afterAdd /home/tmiranda/.npm/actor-emitter/0.1.0/package/package.json written
17 silly publish { name: 'actor-emitter',
17 silly publish   version: '0.1.0',
17 silly publish   description: 'Single instance, lightweight, async and scope-full event emitter',
17 silly publish   main: 'actoremitter',
17 silly publish   _nodeSupported: true,
17 silly publish   engines: { node: '*' },
17 silly publish   author: { name: 'Tiago de Carvalho Miranda' },
17 silly publish   repository:
17 silly publish    { type: 'git',
17 silly publish      url: 'https://github.com/TCMiranda/actorEmitter' },
17 silly publish   keywords: [ 'event', 'eventemitter', 'emitter', 'async', 'scope', 'single' ],
17 silly publish   license: 'MIT',
17 silly publish   readme: '# ActorEmitter.js\n\n_Actoremitter.js_ is lightweight, independent, event emitter library which provides the\n[observer pattern](http://en.wikipedia.org/wiki/Observer_pattern) to javascript objects.\nIt works on node.js and browser. It is a single .js file.\n\n## Why\n\nThis package is meant to be single instance, lightweight, async and scope-full event emitter, in order to provide communication between objects in different scopes.\nBinding on an event, maintains the worker scope, so they can continue to process the call in a non blocking way, with the next() method.\n\n## How to Use It\n\nYou need a single file "actoremitter.js".\nInclude it in a webpage via the usual script tag.\n\n    <script src="actoremitter.js"></script>\n\nTo include it in a nodejs code isnt much harder\n\n    var aEmitter = require(\'./actoremitter.js\')\n\nMIT license.\nIf you hit bugs, fill issues on github.\nFeel free to fork, modify and have fun with it :)\n',
17 silly publish   readmeFilename: 'README.md',
17 silly publish   gitHead: '41a9cbb361ed3a67e8fc5d7873e8990b67e5587b',
17 silly publish   bugs: { url: 'https://github.com/TCMiranda/actorEmitter/issues' },
17 silly publish   homepage: 'https://github.com/TCMiranda/actorEmitter',
17 silly publish   _id: 'actor-emitter@0.1.0',
17 silly publish   scripts: {},
17 silly publish   _shasum: '17f7f9ba91e2694cc84f9614f2197412adc3709f',
17 silly publish   _from: '.' }
18 silly mapToRegistry name actor-emitter
19 silly mapToRegistry using default registry
20 silly mapToRegistry registry https://registry.npmjs.org/
21 silly mapToRegistry uri https://registry.npmjs.org/actor-emitter
22 verbose publish registryBase https://registry.npmjs.org/
23 silly publish uploading /home/tmiranda/.npm/actor-emitter/0.1.0/package.tgz
24 verbose request uri https://registry.npmjs.org/actor-emitter
25 verbose request sending authorization for write operation
26 info attempt registry request try #1 at 13:56:32
27 verbose request id 952916f69969d249
28 http request PUT https://registry.npmjs.org/actor-emitter
29 http 409 https://registry.npmjs.org/actor-emitter
30 verbose headers { date: 'Wed, 25 Mar 2015 16:56:34 GMT',
30 verbose headers   server: 'Apache',
30 verbose headers   'content-type': 'application/json',
30 verbose headers   'cache-control': 'max-age=60',
30 verbose headers   'content-length': '17',
30 verbose headers   'accept-ranges': 'bytes',
30 verbose headers   via: '1.1 varnish',
30 verbose headers   'x-served-by': 'cache-atl6233-ATL',
30 verbose headers   'x-cache': 'MISS',
30 verbose headers   'x-cache-hits': '0',
30 verbose headers   'x-timer': 'S1427302593.417185,VS0,VE988',
30 verbose headers   'keep-alive': 'timeout=10, max=50',
30 verbose headers   connection: 'Keep-Alive' }
31 verbose request invalidating /home/tmiranda/.npm/registry.npmjs.org/actor-emitter on PUT
32 verbose request uri https://registry.npmjs.org/actor-emitter?write=true
33 verbose request no auth needed
34 info attempt registry request try #1 at 13:56:34
35 http request GET https://registry.npmjs.org/actor-emitter?write=true
36 http 200 https://registry.npmjs.org/actor-emitter?write=true
37 verbose stack Error: cannot modify pre-existing version
37 verbose stack     at conflictError (/home/tmiranda/.nvm/versions/node/v0.12.0/lib/node_modules/npm/node_modules/npm-registry-client/lib/publish.js:184:11)
37 verbose stack     at CachingRegistryClient.putNext (/home/tmiranda/.nvm/versions/node/v0.12.0/lib/node_modules/npm/node_modules/npm-registry-client/lib/publish.js:147:15)
37 verbose stack     at /home/tmiranda/.nvm/versions/node/v0.12.0/lib/node_modules/npm/node_modules/npm-registry-client/lib/publish.js:129:15
37 verbose stack     at /home/tmiranda/.nvm/versions/node/v0.12.0/lib/node_modules/npm/lib/cache/caching-client.js:52:8
37 verbose stack     at f (/home/tmiranda/.nvm/versions/node/v0.12.0/lib/node_modules/npm/node_modules/once/once.js:17:25)
37 verbose stack     at /home/tmiranda/.nvm/versions/node/v0.12.0/lib/node_modules/npm/node_modules/npm-registry-client/lib/request.js:73:16
37 verbose stack     at f (/home/tmiranda/.nvm/versions/node/v0.12.0/lib/node_modules/npm/node_modules/once/once.js:17:25)
37 verbose stack     at CachingRegistryClient.<anonymous> (/home/tmiranda/.nvm/versions/node/v0.12.0/lib/node_modules/npm/node_modules/npm-registry-client/lib/request.js:262:12)
37 verbose stack     at Request._callback (/home/tmiranda/.nvm/versions/node/v0.12.0/lib/node_modules/npm/node_modules/npm-registry-client/lib/request.js:178:14)
37 verbose stack     at Request.self.callback (/home/tmiranda/.nvm/versions/node/v0.12.0/lib/node_modules/npm/node_modules/request/request.js:344:22)
38 verbose pkgid actor-emitter
39 verbose cwd /home/tmiranda/opt/lunus-http/node_modules/actor-emitter
40 error Linux 3.18.7-200.fc21.x86_64
41 error argv "/home/tmiranda/.nvm/versions/node/v0.12.0/bin/node" "/home/tmiranda/.nvm/versions/node/v0.12.0/bin/npm" "publish"
42 error node v0.12.0
43 error npm  v2.5.1
44 error code EPUBLISHCONFLICT
45 error publish fail Cannot publish over existing version.
45 error publish fail Update the 'version' field in package.json and try again.
45 error publish fail
45 error publish fail To automatically increment version numbers, see:
45 error publish fail     npm help version
46 verbose exit [ 1, true ]
